This file contains any messages produced by compilers while
running configure, to aid debugging if configure makes a mistake.

It was created by libcoap configure 4.0.3, which was
generated by GNU Autoconf 2.69.  Invocation command line was

  $ ./configure 

## --------- ##
## Platform. ##
## --------- ##

hostname = smart-sarah
uname -m = armv7l
uname -r = 3.4.108-bananian
uname -s = Linux
uname -v = #2 SMP PREEMPT Thu Aug 13 06:08:25 UTC 2015

/usr/bin/uname -p = unknown
/bin/uname -X     = unknown

/bin/arch              = unknown
/usr/bin/arch -k       = unknown
/usr/convex/getsysinfo = unknown
/usr/bin/hostinfo      = unknown
/bin/machine           = unknown
/usr/bin/oslevel       = unknown
/bin/universe          = unknown

PATH: /usr/local/sbin
PATH: /usr/local/bin
PATH: /usr/sbin
PATH: /usr/bin
PATH: /sbin
PATH: /bin


## ----------- ##
## Core tests. ##
## ----------- ##

configure:2175: checking whether make sets $(MAKE)
configure:2197: result: yes
configure:2254: checking for gcc
configure:2270: found /usr/bin/gcc
configure:2281: result: gcc
configure:2510: checking for C compiler version
configure:2519: gcc --version >&5
gcc (Debian 4.9.2-10) 4.9.2
Copyright (C) 2014 Free Software Foundation, Inc.
This is free software; see the source for copying conditions.  There is NO
warranty; not even for MERCHANTABILITY or FITNESS FOR A PARTICULAR PURPOSE.

configure:2530: $? = 0
configure:2519: gcc -v >&5
Using built-in specs.
COLLECT_GCC=gcc
COLLECT_LTO_WRAPPER=/usr/lib/gcc/arm-linux-gnueabihf/4.9/lto-wrapper
Target: arm-linux-gnueabihf
Configured with: ../src/configure -v --with-pkgversion='Debian 4.9.2-10' --with-bugurl=file:///usr/share/doc/gcc-4.9/README.Bugs --enable-languages=c,c++,java,go,d,fortran,objc,obj-c++ --prefix=/usr --program-suffix=-4.9 --enable-shared --enable-linker-build-id --libexecdir=/usr/lib --without-included-gettext --enable-threads=posix --with-gxx-include-dir=/usr/include/c++/4.9 --libdir=/usr/lib --enable-nls --with-sysroot=/ --enable-clocale=gnu --enable-libstdcxx-debug --enable-libstdcxx-time=yes --enable-gnu-unique-object --disable-libitm --disable-libquadmath --enable-plugin --with-system-zlib --disable-browser-plugin --enable-java-awt=gtk --enable-gtk-cairo --with-java-home=/usr/lib/jvm/java-1.5.0-gcj-4.9-armhf/jre --enable-java-home --with-jvm-root-dir=/usr/lib/jvm/java-1.5.0-gcj-4.9-armhf --with-jvm-jar-dir=/usr/lib/jvm-exports/java-1.5.0-gcj-4.9-armhf --with-arch-directory=arm --with-ecj-jar=/usr/share/java/eclipse-ecj.jar --enable-objc-gc --enable-multiarch --disable-sjlj-exceptions --with-arch=armv7-a --with-fpu=vfpv3-d16 --with-float=hard --with-mode=thumb --enable-checking=release --build=arm-linux-gnueabihf --host=arm-linux-gnueabihf --target=arm-linux-gnueabihf
Thread model: posix
gcc version 4.9.2 (Debian 4.9.2-10) 
configure:2530: $? = 0
configure:2519: gcc -V >&5
gcc: error: unrecognized command line option '-V'
gcc: fatal error: no input files
compilation terminated.
configure:2530: $? = 4
configure:2519: gcc -qversion >&5
gcc: error: unrecognized command line option '-qversion'
gcc: fatal error: no input files
compilation terminated.
configure:2530: $? = 4
configure:2550: checking whether the C compiler works
configure:2572: gcc    conftest.c  >&5
configure:2576: $? = 0
configure:2624: result: yes
configure:2627: checking for C compiler default output file name
configure:2629: result: a.out
configure:2635: checking for suffix of executables
configure:2642: gcc -o conftest    conftest.c  >&5
configure:2646: $? = 0
configure:2668: result: 
configure:2690: checking whether we are cross compiling
configure:2698: gcc -o conftest    conftest.c  >&5
configure:2702: $? = 0
configure:2709: ./conftest
configure:2713: $? = 0
configure:2728: result: no
configure:2733: checking for suffix of object files
configure:2755: gcc -c   conftest.c >&5
configure:2759: $? = 0
configure:2780: result: o
configure:2784: checking whether we are using the GNU C compiler
configure:2803: gcc -c   conftest.c >&5
configure:2803: $? = 0
configure:2812: result: yes
configure:2821: checking whether gcc accepts -g
configure:2841: gcc -c -g  conftest.c >&5
configure:2841: $? = 0
configure:2882: result: yes
configure:2899: checking for gcc option to accept ISO C89
configure:2962: gcc  -c -g -O2  conftest.c >&5
configure:2962: $? = 0
configure:2975: result: none needed
configure:3038: checking for ranlib
configure:3054: found /usr/bin/ranlib
configure:3065: result: ranlib
configure:3089: checking for doxygen
configure:3120: result: :
configure:3130: checking for etags
configure:3161: result: /bin/false
configure:3176: checking how to run the C preprocessor
configure:3207: gcc -E  conftest.c
configure:3207: $? = 0
configure:3221: gcc -E  conftest.c
conftest.c:9:28: fatal error: ac_nonexistent.h: No such file or directory
 #include <ac_nonexistent.h>
                            ^
compilation terminated.
configure:3221: $? = 1
configure: failed program was:
| /* confdefs.h */
| #define PACKAGE_NAME "libcoap"
| #define PACKAGE_TARNAME "libcoap"
| #define PACKAGE_VERSION "4.0.3"
| #define PACKAGE_STRING "libcoap 4.0.3"
| #define PACKAGE_BUGREPORT ""
| #define PACKAGE_URL ""
| /* end confdefs.h.  */
| #include <ac_nonexistent.h>
configure:3246: result: gcc -E
configure:3266: gcc -E  conftest.c
configure:3266: $? = 0
configure:3280: gcc -E  conftest.c
conftest.c:9:28: fatal error: ac_nonexistent.h: No such file or directory
 #include <ac_nonexistent.h>
                            ^
compilation terminated.
configure:3280: $? = 1
configure: failed program was:
| /* confdefs.h */
| #define PACKAGE_NAME "libcoap"
| #define PACKAGE_TARNAME "libcoap"
| #define PACKAGE_VERSION "4.0.3"
| #define PACKAGE_STRING "libcoap 4.0.3"
| #define PACKAGE_BUGREPORT ""
| #define PACKAGE_URL ""
| /* end confdefs.h.  */
| #include <ac_nonexistent.h>
configure:3309: checking for grep that handles long lines and -e
configure:3367: result: /bin/grep
configure:3372: checking for egrep
configure:3434: result: /bin/grep -E
configure:3439: checking for ANSI C header files
configure:3459: gcc -c -g -O2  conftest.c >&5
configure:3459: $? = 0
configure:3532: gcc -o conftest -g -O2   conftest.c  >&5
configure:3532: $? = 0
configure:3532: ./conftest
configure:3532: $? = 0
configure:3543: result: yes
configure:3556: checking for sys/types.h
configure:3556: gcc -c -g -O2  conftest.c >&5
configure:3556: $? = 0
configure:3556: result: yes
configure:3556: checking for sys/stat.h
configure:3556: gcc -c -g -O2  conftest.c >&5
configure:3556: $? = 0
configure:3556: result: yes
configure:3556: checking for stdlib.h
configure:3556: gcc -c -g -O2  conftest.c >&5
configure:3556: $? = 0
configure:3556: result: yes
configure:3556: checking for string.h
configure:3556: gcc -c -g -O2  conftest.c >&5
configure:3556: $? = 0
configure:3556: result: yes
configure:3556: checking for memory.h
configure:3556: gcc -c -g -O2  conftest.c >&5
configure:3556: $? = 0
configure:3556: result: yes
configure:3556: checking for strings.h
configure:3556: gcc -c -g -O2  conftest.c >&5
configure:3556: $? = 0
configure:3556: result: yes
configure:3556: checking for inttypes.h
configure:3556: gcc -c -g -O2  conftest.c >&5
configure:3556: $? = 0
configure:3556: result: yes
configure:3556: checking for stdint.h
configure:3556: gcc -c -g -O2  conftest.c >&5
configure:3556: $? = 0
configure:3556: result: yes
configure:3556: checking for unistd.h
configure:3556: gcc -c -g -O2  conftest.c >&5
configure:3556: $? = 0
configure:3556: result: yes
configure:3568: checking whether byte ordering is bigendian
configure:3583: gcc -c -g -O2  conftest.c >&5
conftest.c:20:9: error: unknown type name 'not'
         not a universal capable compiler
         ^
conftest.c:20:15: error: expected '=', ',', ';', 'asm' or '__attribute__' before 'universal'
         not a universal capable compiler
               ^
conftest.c:20:15: error: unknown type name 'universal'
configure:3583: $? = 1
configure: failed program was:
| /* confdefs.h */
| #define PACKAGE_NAME "libcoap"
| #define PACKAGE_TARNAME "libcoap"
| #define PACKAGE_VERSION "4.0.3"
| #define PACKAGE_STRING "libcoap 4.0.3"
| #define PACKAGE_BUGREPORT ""
| #define PACKAGE_URL ""
| #define STDC_HEADERS 1
| #define HAVE_SYS_TYPES_H 1
| #define HAVE_SYS_STAT_H 1
| #define HAVE_STDLIB_H 1
| #define HAVE_STRING_H 1
| #define HAVE_MEMORY_H 1
| #define HAVE_STRINGS_H 1
| #define HAVE_INTTYPES_H 1
| #define HAVE_STDINT_H 1
| #define HAVE_UNISTD_H 1
| /* end confdefs.h.  */
| #ifndef __APPLE_CC__
| 	       not a universal capable compiler
| 	     #endif
| 	     typedef int dummy;
| 
configure:3628: gcc -c -g -O2  conftest.c >&5
configure:3628: $? = 0
configure:3646: gcc -c -g -O2  conftest.c >&5
conftest.c: In function 'main':
conftest.c:26:4: error: unknown type name 'not'
    not big endian
    ^
conftest.c:26:12: error: expected '=', ',', ';', 'asm' or '__attribute__' before 'endian'
    not big endian
            ^
configure:3646: $? = 1
configure: failed program was:
| /* confdefs.h */
| #define PACKAGE_NAME "libcoap"
| #define PACKAGE_TARNAME "libcoap"
| #define PACKAGE_VERSION "4.0.3"
| #define PACKAGE_STRING "libcoap 4.0.3"
| #define PACKAGE_BUGREPORT ""
| #define PACKAGE_URL ""
| #define STDC_HEADERS 1
| #define HAVE_SYS_TYPES_H 1
| #define HAVE_SYS_STAT_H 1
| #define HAVE_STDLIB_H 1
| #define HAVE_STRING_H 1
| #define HAVE_MEMORY_H 1
| #define HAVE_STRINGS_H 1
| #define HAVE_INTTYPES_H 1
| #define HAVE_STDINT_H 1
| #define HAVE_UNISTD_H 1
| /* end confdefs.h.  */
| #include <sys/types.h>
| 		#include <sys/param.h>
| 
| int
| main ()
| {
| #if BYTE_ORDER != BIG_ENDIAN
| 		 not big endian
| 		#endif
| 
|   ;
|   return 0;
| }
configure:3774: result: no
configure:3794: checking for coap_new_pdu in -lcoap
configure:3819: gcc -o conftest -g -O2   conftest.c -lcoap   >&5
/usr/bin/ld: cannot find -lcoap
collect2: error: ld returned 1 exit status
configure:3819: $? = 1
configure: failed program was:
| /* confdefs.h */
| #define PACKAGE_NAME "libcoap"
| #define PACKAGE_TARNAME "libcoap"
| #define PACKAGE_VERSION "4.0.3"
| #define PACKAGE_STRING "libcoap 4.0.3"
| #define PACKAGE_BUGREPORT ""
| #define PACKAGE_URL ""
| #define STDC_HEADERS 1
| #define HAVE_SYS_TYPES_H 1
| #define HAVE_SYS_STAT_H 1
| #define HAVE_STDLIB_H 1
| #define HAVE_STRING_H 1
| #define HAVE_MEMORY_H 1
| #define HAVE_STRINGS_H 1
| #define HAVE_INTTYPES_H 1
| #define HAVE_STDINT_H 1
| #define HAVE_UNISTD_H 1
| /* end confdefs.h.  */
| 
| /* Override any GCC internal prototype to avoid an error.
|    Use char because int might match the return type of a GCC
|    builtin and then its argument prototype would still apply.  */
| #ifdef __cplusplus
| extern "C"
| #endif
| char coap_new_pdu ();
| int
| main ()
| {
| return coap_new_pdu ();
|   ;
|   return 0;
| }
configure:3828: result: no
configure:3840: checking for library containing gethostbyname
configure:3871: gcc -o conftest -g -O2   conftest.c  >&5
configure:3871: $? = 0
configure:3888: result: none required
configure:3896: checking for library containing socket
configure:3927: gcc -o conftest -g -O2   conftest.c  >&5
configure:3927: $? = 0
configure:3944: result: none required
configure:4007: checking assert.h usability
configure:4007: gcc -c -g -O2  conftest.c >&5
configure:4007: $? = 0
configure:4007: result: yes
configure:4007: checking assert.h presence
configure:4007: gcc -E  conftest.c
configure:4007: $? = 0
configure:4007: result: yes
configure:4007: checking for assert.h
configure:4007: result: yes
configure:4007: checking arpa/inet.h usability
configure:4007: gcc -c -g -O2  conftest.c >&5
configure:4007: $? = 0
configure:4007: result: yes
configure:4007: checking arpa/inet.h presence
configure:4007: gcc -E  conftest.c
configure:4007: $? = 0
configure:4007: result: yes
configure:4007: checking for arpa/inet.h
configure:4007: result: yes
configure:4007: checking limits.h usability
configure:4007: gcc -c -g -O2  conftest.c >&5
configure:4007: $? = 0
configure:4007: result: yes
configure:4007: checking limits.h presence
configure:4007: gcc -E  conftest.c
configure:4007: $? = 0
configure:4007: result: yes
configure:4007: checking for limits.h
configure:4007: result: yes
configure:4007: checking netdb.h usability
configure:4007: gcc -c -g -O2  conftest.c >&5
configure:4007: $? = 0
configure:4007: result: yes
configure:4007: checking netdb.h presence
configure:4007: gcc -E  conftest.c
configure:4007: $? = 0
configure:4007: result: yes
configure:4007: checking for netdb.h
configure:4007: result: yes
configure:4007: checking netinet/in.h usability
configure:4007: gcc -c -g -O2  conftest.c >&5
configure:4007: $? = 0
configure:4007: result: yes
configure:4007: checking netinet/in.h presence
configure:4007: gcc -E  conftest.c
configure:4007: $? = 0
configure:4007: result: yes
configure:4007: checking for netinet/in.h
configure:4007: result: yes
configure:4007: checking for stdlib.h
configure:4007: result: yes
configure:4007: checking for string.h
configure:4007: result: yes
configure:4007: checking for strings.h
configure:4007: result: yes
configure:4007: checking sys/socket.h usability
configure:4007: gcc -c -g -O2  conftest.c >&5
configure:4007: $? = 0
configure:4007: result: yes
configure:4007: checking sys/socket.h presence
configure:4007: gcc -E  conftest.c
configure:4007: $? = 0
configure:4007: result: yes
configure:4007: checking for sys/socket.h
configure:4007: result: yes
configure:4007: checking sys/time.h usability
configure:4007: gcc -c -g -O2  conftest.c >&5
configure:4007: $? = 0
configure:4007: result: yes
configure:4007: checking sys/time.h presence
configure:4007: gcc -E  conftest.c
configure:4007: $? = 0
configure:4007: result: yes
configure:4007: checking for sys/time.h
configure:4007: result: yes
configure:4007: checking time.h usability
configure:4007: gcc -c -g -O2  conftest.c >&5
configure:4007: $? = 0
configure:4007: result: yes
configure:4007: checking time.h presence
configure:4007: gcc -E  conftest.c
configure:4007: $? = 0
configure:4007: result: yes
configure:4007: checking for time.h
configure:4007: result: yes
configure:4007: checking for unistd.h
configure:4007: result: yes
configure:4007: checking sys/unistd.h usability
configure:4007: gcc -c -g -O2  conftest.c >&5
configure:4007: $? = 0
configure:4007: result: yes
configure:4007: checking sys/unistd.h presence
configure:4007: gcc -E  conftest.c
configure:4007: $? = 0
configure:4007: result: yes
configure:4007: checking for sys/unistd.h
configure:4007: result: yes
configure:4019: checking for size_t
configure:4019: gcc -c -g -O2  conftest.c >&5
configure:4019: $? = 0
configure:4019: gcc -c -g -O2  conftest.c >&5
conftest.c: In function 'main':
conftest.c:68:21: error: expected expression before ')' token
 if (sizeof ((size_t)))
                     ^
configure:4019: $? = 1
configure: failed program was:
| /* confdefs.h */
| #define PACKAGE_NAME "libcoap"
| #define PACKAGE_TARNAME "libcoap"
| #define PACKAGE_VERSION "4.0.3"
| #define PACKAGE_STRING "libcoap 4.0.3"
| #define PACKAGE_BUGREPORT ""
| #define PACKAGE_URL ""
| #define STDC_HEADERS 1
| #define HAVE_SYS_TYPES_H 1
| #define HAVE_SYS_STAT_H 1
| #define HAVE_STDLIB_H 1
| #define HAVE_STRING_H 1
| #define HAVE_MEMORY_H 1
| #define HAVE_STRINGS_H 1
| #define HAVE_INTTYPES_H 1
| #define HAVE_STDINT_H 1
| #define HAVE_UNISTD_H 1
| #define HAVE_ASSERT_H 1
| #define HAVE_ARPA_INET_H 1
| #define HAVE_LIMITS_H 1
| #define HAVE_NETDB_H 1
| #define HAVE_NETINET_IN_H 1
| #define HAVE_STDLIB_H 1
| #define HAVE_STRING_H 1
| #define HAVE_STRINGS_H 1
| #define HAVE_SYS_SOCKET_H 1
| #define HAVE_SYS_TIME_H 1
| #define HAVE_TIME_H 1
| #define HAVE_UNISTD_H 1
| #define HAVE_SYS_UNISTD_H 1
| /* end confdefs.h.  */
| #include <stdio.h>
| #ifdef HAVE_SYS_TYPES_H
| # include <sys/types.h>
| #endif
| #ifdef HAVE_SYS_STAT_H
| # include <sys/stat.h>
| #endif
| #ifdef STDC_HEADERS
| # include <stdlib.h>
| # include <stddef.h>
| #else
| # ifdef HAVE_STDLIB_H
| #  include <stdlib.h>
| # endif
| #endif
| #ifdef HAVE_STRING_H
| # if !defined STDC_HEADERS && defined HAVE_MEMORY_H
| #  include <memory.h>
| # endif
| # include <string.h>
| #endif
| #ifdef HAVE_STRINGS_H
| # include <strings.h>
| #endif
| #ifdef HAVE_INTTYPES_H
| # include <inttypes.h>
| #endif
| #ifdef HAVE_STDINT_H
| # include <stdint.h>
| #endif
| #ifdef HAVE_UNISTD_H
| # include <unistd.h>
| #endif
| int
| main ()
| {
| if (sizeof ((size_t)))
| 	    return 0;
|   ;
|   return 0;
| }
configure:4019: result: yes
configure:4030: checking for ssize_t
configure:4030: gcc -c -g -O2  conftest.c >&5
configure:4030: $? = 0
configure:4030: gcc -c -g -O2  conftest.c >&5
conftest.c: In function 'main':
conftest.c:68:22: error: expected expression before ')' token
 if (sizeof ((ssize_t)))
                      ^
configure:4030: $? = 1
configure: failed program was:
| /* confdefs.h */
| #define PACKAGE_NAME "libcoap"
| #define PACKAGE_TARNAME "libcoap"
| #define PACKAGE_VERSION "4.0.3"
| #define PACKAGE_STRING "libcoap 4.0.3"
| #define PACKAGE_BUGREPORT ""
| #define PACKAGE_URL ""
| #define STDC_HEADERS 1
| #define HAVE_SYS_TYPES_H 1
| #define HAVE_SYS_STAT_H 1
| #define HAVE_STDLIB_H 1
| #define HAVE_STRING_H 1
| #define HAVE_MEMORY_H 1
| #define HAVE_STRINGS_H 1
| #define HAVE_INTTYPES_H 1
| #define HAVE_STDINT_H 1
| #define HAVE_UNISTD_H 1
| #define HAVE_ASSERT_H 1
| #define HAVE_ARPA_INET_H 1
| #define HAVE_LIMITS_H 1
| #define HAVE_NETDB_H 1
| #define HAVE_NETINET_IN_H 1
| #define HAVE_STDLIB_H 1
| #define HAVE_STRING_H 1
| #define HAVE_STRINGS_H 1
| #define HAVE_SYS_SOCKET_H 1
| #define HAVE_SYS_TIME_H 1
| #define HAVE_TIME_H 1
| #define HAVE_UNISTD_H 1
| #define HAVE_SYS_UNISTD_H 1
| /* end confdefs.h.  */
| #include <stdio.h>
| #ifdef HAVE_SYS_TYPES_H
| # include <sys/types.h>
| #endif
| #ifdef HAVE_SYS_STAT_H
| # include <sys/stat.h>
| #endif
| #ifdef STDC_HEADERS
| # include <stdlib.h>
| # include <stddef.h>
| #else
| # ifdef HAVE_STDLIB_H
| #  include <stdlib.h>
| # endif
| #endif
| #ifdef HAVE_STRING_H
| # if !defined STDC_HEADERS && defined HAVE_MEMORY_H
| #  include <memory.h>
| # endif
| # include <string.h>
| #endif
| #ifdef HAVE_STRINGS_H
| # include <strings.h>
| #endif
| #ifdef HAVE_INTTYPES_H
| # include <inttypes.h>
| #endif
| #ifdef HAVE_STDINT_H
| # include <stdint.h>
| #endif
| #ifdef HAVE_UNISTD_H
| # include <unistd.h>
| #endif
| int
| main ()
| {
| if (sizeof ((ssize_t)))
| 	    return 0;
|   ;
|   return 0;
| }
configure:4030: result: yes
configure:4045: checking for stdlib.h
configure:4045: result: yes
configure:4055: checking for GNU libc compatible malloc
configure:4079: gcc -o conftest -g -O2   conftest.c  >&5
configure:4079: $? = 0
configure:4079: ./conftest
configure:4079: $? = 0
configure:4089: result: yes
configure:4113: checking for memset
configure:4113: gcc -o conftest -g -O2   conftest.c  >&5
conftest.c:57:6: warning: conflicting types for built-in function 'memset'
 char memset ();
      ^
configure:4113: $? = 0
configure:4113: result: yes
configure:4113: checking for select
configure:4113: gcc -o conftest -g -O2   conftest.c  >&5
configure:4113: $? = 0
configure:4113: result: yes
configure:4113: checking for socket
configure:4113: gcc -o conftest -g -O2   conftest.c  >&5
configure:4113: $? = 0
configure:4113: result: yes
configure:4113: checking for strcasecmp
configure:4113: gcc -o conftest -g -O2   conftest.c  >&5
conftest.c:60:6: warning: conflicting types for built-in function 'strcasecmp'
 char strcasecmp ();
      ^
configure:4113: $? = 0
configure:4113: result: yes
configure:4113: checking for strrchr
configure:4113: gcc -o conftest -g -O2   conftest.c  >&5
conftest.c:61:6: warning: conflicting types for built-in function 'strrchr'
 char strrchr ();
      ^
configure:4113: $? = 0
configure:4113: result: yes
configure:4113: checking for getaddrinfo
configure:4113: gcc -o conftest -g -O2   conftest.c  >&5
configure:4113: $? = 0
configure:4113: result: yes
configure:4113: checking for strnlen
configure:4113: gcc -o conftest -g -O2   conftest.c  >&5
configure:4113: $? = 0
configure:4113: result: yes
configure:4246: creating ./config.status

## ---------------------- ##
## Running config.status. ##
## ---------------------- ##

This file was extended by libcoap config.status 4.0.3, which was
generated by GNU Autoconf 2.69.  Invocation command line was

  CONFIG_FILES    = 
  CONFIG_HEADERS  = 
  CONFIG_LINKS    = 
  CONFIG_COMMANDS = 
  $ ./config.status 

on smart-sarah

config.status:829: creating Makefile
config.status:829: creating doc/Makefile
config.status:829: creating doc/Doxyfile
config.status:829: creating examples/Makefile
config.status:829: creating tests/Makefile
config.status:829: creating config.h
config.status:999: config.h is unchanged

## ---------------- ##
## Cache variables. ##
## ---------------- ##

ac_cv_c_bigendian=no
ac_cv_c_compiler_gnu=yes
ac_cv_env_CC_set=
ac_cv_env_CC_value=
ac_cv_env_CFLAGS_set=
ac_cv_env_CFLAGS_value=
ac_cv_env_CPPFLAGS_set=
ac_cv_env_CPPFLAGS_value=
ac_cv_env_CPP_set=
ac_cv_env_CPP_value=
ac_cv_env_LDFLAGS_set=
ac_cv_env_LDFLAGS_value=
ac_cv_env_LIBS_set=
ac_cv_env_LIBS_value=
ac_cv_env_build_alias_set=
ac_cv_env_build_alias_value=
ac_cv_env_host_alias_set=
ac_cv_env_host_alias_value=
ac_cv_env_target_alias_set=
ac_cv_env_target_alias_value=
ac_cv_func_getaddrinfo=yes
ac_cv_func_malloc_0_nonnull=yes
ac_cv_func_memset=yes
ac_cv_func_select=yes
ac_cv_func_socket=yes
ac_cv_func_strcasecmp=yes
ac_cv_func_strnlen=yes
ac_cv_func_strrchr=yes
ac_cv_header_arpa_inet_h=yes
ac_cv_header_assert_h=yes
ac_cv_header_inttypes_h=yes
ac_cv_header_limits_h=yes
ac_cv_header_memory_h=yes
ac_cv_header_netdb_h=yes
ac_cv_header_netinet_in_h=yes
ac_cv_header_stdc=yes
ac_cv_header_stdint_h=yes
ac_cv_header_stdlib_h=yes
ac_cv_header_string_h=yes
ac_cv_header_strings_h=yes
ac_cv_header_sys_socket_h=yes
ac_cv_header_sys_stat_h=yes
ac_cv_header_sys_time_h=yes
ac_cv_header_sys_types_h=yes
ac_cv_header_sys_unistd_h=yes
ac_cv_header_time_h=yes
ac_cv_header_unistd_h=yes
ac_cv_lib_coap_coap_new_pdu=no
ac_cv_objext=o
ac_cv_path_DOXYGEN=:
ac_cv_path_EGREP='/bin/grep -E'
ac_cv_path_ETAGS=/bin/false
ac_cv_path_GREP=/bin/grep
ac_cv_prog_CPP='gcc -E'
ac_cv_prog_ac_ct_CC=gcc
ac_cv_prog_ac_ct_RANLIB=ranlib
ac_cv_prog_cc_c89=
ac_cv_prog_cc_g=yes
ac_cv_prog_make_make_set=yes
ac_cv_search_gethostbyname='none required'
ac_cv_search_socket='none required'
ac_cv_type_size_t=yes
ac_cv_type_ssize_t=yes

## ----------------- ##
## Output variables. ##
## ----------------- ##

BUILD_SO=''
CC='gcc'
CFLAGS='-g -O2'
CPP='gcc -E'
CPPFLAGS=''
DEFS='-DHAVE_CONFIG_H'
DOXYGEN=':'
ECHO_C=''
ECHO_N='-n'
ECHO_T=''
EGREP='/bin/grep -E'
ETAGS='/bin/false'
EXEEXT=''
GREP='/bin/grep'
LDFLAGS=''
LIBOBJS=''
LIBS=''
LTLIBOBJS=''
OBJEXT='o'
PACKAGE_BUGREPORT=''
PACKAGE_NAME='libcoap'
PACKAGE_STRING='libcoap 4.0.3'
PACKAGE_TARNAME='libcoap'
PACKAGE_URL=''
PACKAGE_VERSION='4.0.3'
PATH_SEPARATOR=':'
RANLIB='ranlib'
SET_MAKE=''
SHELL='/bin/bash'
TESTS=''
ac_ct_CC='gcc'
bindir='${exec_prefix}/bin'
build_alias=''
datadir='${datarootdir}'
datarootdir='${prefix}/share'
docdir='${datarootdir}/doc/${PACKAGE_TARNAME}'
dvidir='${docdir}'
exec_prefix='${prefix}'
host_alias=''
htmldir='${docdir}'
includedir='${prefix}/include'
infodir='${datarootdir}/info'
libdir='${exec_prefix}/lib'
libexecdir='${exec_prefix}/libexec'
localedir='${datarootdir}/locale'
localstatedir='${prefix}/var'
mandir='${datarootdir}/man'
oldincludedir='/usr/include'
pdfdir='${docdir}'
prefix='/usr/local'
program_transform_name='s,x,x,'
psdir='${docdir}'
sbindir='${exec_prefix}/sbin'
sharedstatedir='${prefix}/com'
sysconfdir='${prefix}/etc'
target_alias=''

## ----------- ##
## confdefs.h. ##
## ----------- ##

/* confdefs.h */
#define PACKAGE_NAME "libcoap"
#define PACKAGE_TARNAME "libcoap"
#define PACKAGE_VERSION "4.0.3"
#define PACKAGE_STRING "libcoap 4.0.3"
#define PACKAGE_BUGREPORT ""
#define PACKAGE_URL ""
#define STDC_HEADERS 1
#define HAVE_SYS_TYPES_H 1
#define HAVE_SYS_STAT_H 1
#define HAVE_STDLIB_H 1
#define HAVE_STRING_H 1
#define HAVE_MEMORY_H 1
#define HAVE_STRINGS_H 1
#define HAVE_INTTYPES_H 1
#define HAVE_STDINT_H 1
#define HAVE_UNISTD_H 1
#define HAVE_ASSERT_H 1
#define HAVE_ARPA_INET_H 1
#define HAVE_LIMITS_H 1
#define HAVE_NETDB_H 1
#define HAVE_NETINET_IN_H 1
#define HAVE_STDLIB_H 1
#define HAVE_STRING_H 1
#define HAVE_STRINGS_H 1
#define HAVE_SYS_SOCKET_H 1
#define HAVE_SYS_TIME_H 1
#define HAVE_TIME_H 1
#define HAVE_UNISTD_H 1
#define HAVE_SYS_UNISTD_H 1
#define HAVE_STDLIB_H 1
#define HAVE_MALLOC 1
#define HAVE_MEMSET 1
#define HAVE_SELECT 1
#define HAVE_SOCKET 1
#define HAVE_STRCASECMP 1
#define HAVE_STRRCHR 1
#define HAVE_GETADDRINFO 1
#define HAVE_STRNLEN 1

configure: exit 0
